<?xml version="1.0" encoding="UTF-8"?>
<testsuite name="Academy Choucair" tests="1" skipped="0" failures="0" errors="0" timestamp="2021-07-24T15:43:52" hostname="DESKTOP-O9NK00O" time="17.953">
  <properties/>
  <testcase name="Search for a automation course" classname="Academy Choucair" time="17.953"/>
  <system-out><![CDATA[]]></system-out>
  <system-err><![CDATA[[Test worker] WARN net.thucydides.core.steps.BaseStepListener - stepStarted: net.thucydides.core.steps.ExecutedStepDescription@36acb43a
[Test worker] WARN net.thucydides.core.steps.BaseStepListener - stepStarted: net.thucydides.core.steps.ExecutedStepDescription@69e586f9
[Test worker] WARN net.thucydides.core.steps.BaseStepListener - stepStarted: net.thucydides.core.steps.ExecutedStepDescription@5e051a49
jul 24, 2021 10:43:53 AM org.openqa.selenium.remote.DesiredCapabilities chrome
INFORMACIÓN: Using `new ChromeOptions()` is preferred to `DesiredCapabilities.chrome()`
[Test worker] INFO net.serenitybdd.core.webdriver.driverproviders.ProvideNewDriver - Instantiating driver
[Test worker] INFO net.serenitybdd.core.webdriver.driverproviders.ProvideNewDriver - Driver capabilities: Capabilities {acceptInsecureCerts: false, browserName: chrome, chrome.switches: --start-maximized, goog:chromeOptions: {args: [--start-maximized], extensions: []}, loggingPrefs: org.openqa.selenium.logging..., platform: ANY, version: }
Starting ChromeDriver 92.0.4515.43 (8c61b7e2989f2990d42f859cac71319137787cce-refs/branch-heads/4515@{#306}) on port 3122
Only local connections are allowed.
Please see https://chromedriver.chromium.org/security-considerations for suggestions on keeping ChromeDriver safe.
ChromeDriver was started successfully.
jul 24, 2021 10:43:55 AM org.openqa.selenium.remote.ProtocolHandshake createSession
INFORMACIÓN: Detected dialect: W3C
[Test worker] WARN net.thucydides.core.steps.BaseStepListener - stepFinished: current outcome:Search for a automation course:Given than Rose wants to learn automation at the Academy choucair
| strUser | strPassword |
| 1033776369 | Choucair2021* | [Rose open up [Rose opens the Choucair academy page]]
[Test worker] WARN net.thucydides.core.steps.BaseStepListener - stepFinished: current outcome:Search for a automation course:Given than Rose wants to learn automation at the Academy choucair
| strUser | strPassword |
| 1033776369 | Choucair2021* | [Rose open up [Rose opens the Choucair academy page]]
[Test worker] WARN net.thucydides.core.steps.BaseStepListener - stepStarted: net.thucydides.core.steps.ExecutedStepDescription@65ff3d93
[Test worker] WARN net.thucydides.core.steps.BaseStepListener - stepStarted: net.thucydides.core.steps.ExecutedStepDescription@161b568d
[Test worker] WARN net.thucydides.core.steps.BaseStepListener - stepFinished: current outcome:Search for a automation course:Given than Rose wants to learn automation at the Academy choucair
| strUser | strPassword |
| 1033776369 | Choucair2021* | [Rose open up [Rose opens the Choucair academy page], Rose login [Rose clicks on button that shows us the form to login]]
[Test worker] WARN net.thucydides.core.steps.BaseStepListener - stepStarted: net.thucydides.core.steps.ExecutedStepDescription@4b856332
[Test worker] WARN net.thucydides.core.steps.BaseStepListener - stepFinished: current outcome:Search for a automation course:Given than Rose wants to learn automation at the Academy choucair
| strUser | strPassword |
| 1033776369 | Choucair2021* | [Rose open up [Rose opens the Choucair academy page], Rose login [Rose clicks on button that shows us the form to login, Rose enters '1033776369' into where do we write the user]]
[Test worker] WARN net.thucydides.core.steps.BaseStepListener - stepStarted: net.thucydides.core.steps.ExecutedStepDescription@49503e99
[Test worker] WARN net.thucydides.core.steps.BaseStepListener - stepFinished: current outcome:Search for a automation course:Given than Rose wants to learn automation at the Academy choucair
| strUser | strPassword |
| 1033776369 | Choucair2021* | [Rose open up [Rose opens the Choucair academy page], Rose login [Rose clicks on button that shows us the form to login, Rose enters '1033776369' into where do we write the user, Rose enters 'Choucair2021*' into where do we write the password]]
[Test worker] WARN net.thucydides.core.steps.BaseStepListener - stepStarted: net.thucydides.core.steps.ExecutedStepDescription@78380135
[Test worker] WARN net.thucydides.core.steps.BaseStepListener - stepFinished: current outcome:Search for a automation course:Given than Rose wants to learn automation at the Academy choucair
| strUser | strPassword |
| 1033776369 | Choucair2021* | [Rose open up [Rose opens the Choucair academy page], Rose login [Rose clicks on button that shows us the form to login, Rose enters '1033776369' into where do we write the user, Rose enters 'Choucair2021*' into where do we write the password, Rose clicks on button to confirm login]]
[Test worker] WARN net.thucydides.core.steps.BaseStepListener - stepFinished: current outcome:Search for a automation course:Given than Rose wants to learn automation at the Academy choucair
| strUser | strPassword |
| 1033776369 | Choucair2021* | [Rose open up [Rose opens the Choucair academy page], Rose login [Rose clicks on button that shows us the form to login, Rose enters '1033776369' into where do we write the user, Rose enters 'Choucair2021*' into where do we write the password, Rose clicks on button to confirm login]]
[Test worker] WARN net.thucydides.core.steps.BaseStepListener - stepFinished: current outcome:Search for a automation course:Given than Rose wants to learn automation at the Academy choucair
| strUser | strPassword |
| 1033776369 | Choucair2021* | [Rose open up [Rose opens the Choucair academy page], Rose login [Rose clicks on button that shows us the form to login, Rose enters '1033776369' into where do we write the user, Rose enters 'Choucair2021*' into where do we write the password, Rose clicks on button to confirm login]]
[Test worker] WARN net.thucydides.core.steps.BaseStepListener - stepStarted: net.thucydides.core.steps.ExecutedStepDescription@3c3150af
[Test worker] WARN net.thucydides.core.steps.BaseStepListener - stepStarted: net.thucydides.core.steps.ExecutedStepDescription@67b51866
[Test worker] WARN net.thucydides.core.steps.BaseStepListener - stepStarted: net.thucydides.core.steps.ExecutedStepDescription@7a0ede39
[Test worker] WARN net.thucydides.core.steps.BaseStepListener - stepFinished: current outcome:Search for a automation course:Given than Rose wants to learn automation at the Academy choucair
| strUser | strPassword |
| 1033776369 | Choucair2021* | [Rose open up [Rose opens the Choucair academy page], Rose login [Rose clicks on button that shows us the form to login, Rose enters '1033776369' into where do we write the user, Rose enters 'Choucair2021*' into where do we write the password, Rose clicks on button to confirm login]], When she search for the course on the choucair Academy platform
| strCourse |
| Metodología Bancolombia | [Rose search [Rose clicks on Selecciona la universidad choucair]]
[Test worker] WARN net.thucydides.core.steps.BaseStepListener - stepStarted: net.thucydides.core.steps.ExecutedStepDescription@33c299f
[Test worker] WARN net.thucydides.core.steps.BaseStepListener - stepFinished: current outcome:Search for a automation course:Given than Rose wants to learn automation at the Academy choucair
| strUser | strPassword |
| 1033776369 | Choucair2021* | [Rose open up [Rose opens the Choucair academy page], Rose login [Rose clicks on button that shows us the form to login, Rose enters '1033776369' into where do we write the user, Rose enters 'Choucair2021*' into where do we write the password, Rose clicks on button to confirm login]], When she search for the course on the choucair Academy platform
| strCourse |
| Metodología Bancolombia | [Rose search [Rose clicks on Selecciona la universidad choucair, Rose clicks on Da click para buscar el curso]]
[Test worker] WARN net.thucydides.core.steps.BaseStepListener - stepFinished: current outcome:Search for a automation course:Given than Rose wants to learn automation at the Academy choucair
| strUser | strPassword |
| 1033776369 | Choucair2021* | [Rose open up [Rose opens the Choucair academy page], Rose login [Rose clicks on button that shows us the form to login, Rose enters '1033776369' into where do we write the user, Rose enters 'Choucair2021*' into where do we write the password, Rose clicks on button to confirm login]], When she search for the course on the choucair Academy platform
| strCourse |
| Metodología Bancolombia | [Rose search [Rose clicks on Selecciona la universidad choucair, Rose clicks on Da click para buscar el curso]]
[Test worker] WARN net.thucydides.core.steps.BaseStepListener - stepFinished: current outcome:Search for a automation course:Given than Rose wants to learn automation at the Academy choucair
| strUser | strPassword |
| 1033776369 | Choucair2021* | [Rose open up [Rose opens the Choucair academy page], Rose login [Rose clicks on button that shows us the form to login, Rose enters '1033776369' into where do we write the user, Rose enters 'Choucair2021*' into where do we write the password, Rose clicks on button to confirm login]], When she search for the course on the choucair Academy platform
| strCourse |
| Metodología Bancolombia | [Rose search [Rose clicks on Selecciona la universidad choucair, Rose clicks on Da click para buscar el curso]]
[Test worker] WARN net.thucydides.core.steps.BaseStepListener - stepStarted: net.thucydides.core.steps.ExecutedStepDescription@4889bd78
[Test worker] WARN net.thucydides.core.steps.BaseStepListener - stepFinished: current outcome:Search for a automation course:Given than Rose wants to learn automation at the Academy choucair
| strUser | strPassword |
| 1033776369 | Choucair2021* | [Rose open up [Rose opens the Choucair academy page], Rose login [Rose clicks on button that shows us the form to login, Rose enters '1033776369' into where do we write the user, Rose enters 'Choucair2021*' into where do we write the password, Rose clicks on button to confirm login]], When she search for the course on the choucair Academy platform
| strCourse |
| Metodología Bancolombia | [Rose search [Rose clicks on Selecciona la universidad choucair, Rose clicks on Da click para buscar el curso]], Then she finds the course called
| strCourse |
| Metodología Bancolombia |
[Test worker] WARN net.thucydides.core.steps.BaseStepListener - testFinished: Search for a automation course:Given than Rose wants to learn automation at the Academy choucair
| strUser | strPassword |
| 1033776369 | Choucair2021* | [Rose open up [Rose opens the Choucair academy page], Rose login [Rose clicks on button that shows us the form to login, Rose enters '1033776369' into where do we write the user, Rose enters 'Choucair2021*' into where do we write the password, Rose clicks on button to confirm login]], When she search for the course on the choucair Academy platform
| strCourse |
| Metodología Bancolombia | [Rose search [Rose clicks on Selecciona la universidad choucair, Rose clicks on Da click para buscar el curso]], Then she finds the course called
| strCourse |
| Metodología Bancolombia |
[Test worker] WARN net.thucydides.core.steps.BaseStepListener - TestOutcomes: [Search for a automation course:Given than Rose wants to learn automation at the Academy choucair
| strUser | strPassword |
| 1033776369 | Choucair2021* | [Rose open up [Rose opens the Choucair academy page], Rose login [Rose clicks on button that shows us the form to login, Rose enters '1033776369' into where do we write the user, Rose enters 'Choucair2021*' into where do we write the password, Rose clicks on button to confirm login]], When she search for the course on the choucair Academy platform
| strCourse |
| Metodología Bancolombia | [Rose search [Rose clicks on Selecciona la universidad choucair, Rose clicks on Da click para buscar el curso]], Then she finds the course called
| strCourse |
| Metodología Bancolombia |]
[Test worker] WARN net.thucydides.core.steps.BaseStepListener - Final testOutcomes: [Search for a automation course:Given than Rose wants to learn automation at the Academy choucair
| strUser | strPassword |
| 1033776369 | Choucair2021* | [Rose open up [Rose opens the Choucair academy page], Rose login [Rose clicks on button that shows us the form to login, Rose enters '1033776369' into where do we write the user, Rose enters 'Choucair2021*' into where do we write the password, Rose clicks on button to confirm login]], When she search for the course on the choucair Academy platform
| strCourse |
| Metodología Bancolombia | [Rose search [Rose clicks on Selecciona la universidad choucair, Rose clicks on Da click para buscar el curso]], Then she finds the course called
| strCourse |
| Metodología Bancolombia |]
[Test worker] INFO net.thucydides.core.steps.ConsoleLoggingListener - 
        __    _____ _____ ____ _____   ____   _    ____  ____  _____ ____  
  _     \ \  |_   _| ____/ ___|_   _| |  _ \ / \  / ___|/ ___|| ____|  _ \ 
 (_)_____| |   | | |  _| \___ \ | |   | |_) / _ \ \___ \\___ \|  _| | | | |
  _|_____| |   | | | |___ ___) || |   |  __/ ___ \ ___) |___) | |___| |_| |
 (_)     | |   |_| |_____|____/ |_|   |_| /_/   \_\____/|____/|_____|____/ 
        /_/                                                                

TEST PASSED: Search for a automation course
----------------------------------------------------------------------------
]]></system-err>
</testsuite>
